Arguments: 
  C:\Program Files\nodejs\node.exe C:\Users\Somch\AppData\Roaming\npm\node_modules\yarn\bin\yarn.js add passport-local

PATH: 
  C:\Program Files\Common Files\Oracle\Java\javapath;C:\Program Files (x86)\VMware\VMware Workstation\bin\;C:\Program Files (x86)\Intel\iCLS Client\;C:\Program Files\Intel\iCLS Client\;C:\Program Files (x86)\Common Files\Intel\Shared Libraries\redist\intel64\compiler;C:\Windows\system32;C:\Windows;C:\Windows\System32\Wbem;C:\Windows\System32\WindowsPowerShell\v1.0\;C:\Windows\System32\OpenSSH\;C:\Program Files (x86)\NVIDIA Corporation\PhysX\Common;C:\Program Files\nodejs\;C:\Program Files\Git\cmd;c:\Program Files (x86)\Intel\Intel(R) Management Engine Components\DAL;c:\Program Files\Intel\Intel(R) Management Engine Components\DAL;c:\Program Files (x86)\Intel\Intel(R) Management Engine Components\IPT;c:\Program Files\Intel\Intel(R) Management Engine Components\IPT;C:\xampp\php;C:\ProgramData\ComposerSetup\bin;C:\Program Files\dotnet\;C:\Users\Somch\AppData\Local\Microsoft\WindowsApps;;C:\Users\Somch\AppData\Local\Programs\Microsoft VS Code\bin;C:\Users\Somch\AppData\Roaming\npm;C:\Users\Somch\AppData\Roaming\Composer\vendor\bin;C:\Users\Somch\.dotnet\tools;D:\Program Files\heroku\bin;C:\Users\Somch\AppData\Local\Programs\oh-my-posh\bin;C:\Users\Somch\AppData\Local\Programs\oh-my-posh\themes

Yarn version: 
  1.22.15

Node version: 
  14.18.0

Platform: 
  win32 x64

Trace: 
  Error: EPERM: operation not permitted, unlink 'D:\0-Project\ESAR 2021 Optimiza\backend\node_modules\bcrypt\lib\binding\napi-v3\bcrypt_lib.node'

npm manifest: 
  {
    "name": "backend",
    "version": "0.0.0",
    "main": "src",
    "private": true,
    "scripts": {
      "start": "node .",
      "test": "jest",
      "coverage": "npm test -- --coverage",
      "postcoverage": "opn coverage/lcov-report/index.html",
      "dev": "nodemon -i \"*.test.js\" .",
      "prod": "cross-env NODE_ENV=production nodemon -i \"*.test.js\" -r dotenv-safe/config .",
      "lint": "eslint src",
      "docs": "apidoc -i src -o docs && apidoc-markdown -p docs -o DOCS.md",
      "postdocs": "open-cli docs/index.html"
    },
    "jest": {
      "testEnvironment": "node",
      "setupFilesAfterEnv": [
        "<rootDir>/test/setup.js"
      ]
    },
    "devDependencies": {
      "apidoc": "^0.20.0",
      "apidoc-markdown": "^0.2.1",
      "babel-eslint": "^10.1.0",
      "babel-jest": "^25.1.0",
      "cross-env": "^7.0.2",
      "dotenv-safe": "^8.2.0",
      "eslint": "^6.8.0",
      "eslint-config-standard": "^14.1.0",
      "eslint-plugin-import": "^2.20.0",
      "eslint-plugin-node": "^11.0.0",
      "eslint-plugin-promise": "^4.2.0",
      "eslint-plugin-standard": "^4.0.1",
      "jest-cli": "^25.1.0",
      "mongodb-memory-server": "^6.3.3",
      "nock": "^12.0.2",
      "nodemon": "^2.0.2",
      "open-cli": "^6.0.0",
      "sinon": "^4.0.1",
      "supertest": "^4.0.2"
    },
    "dependencies": {
      "@babel/core": "^7.9.0",
      "@babel/plugin-proposal-export-default-from": "^7.9.0",
      "@babel/plugin-transform-runtime": "^7.9.0",
      "@babel/preset-env": "^7.9.0",
      "@babel/register": "^7.9.0",
      "@babel/runtime": "^7.9.0",
      "bcrypt": "^4.0.1",
      "bluebird": "^3.7.2",
      "body-parser": "^1.19.0",
      "bodymen": "^1.1.1",
      "compression": "^1.7.4",
      "cors": "^2.8.5",
      "express": "^4.17.1",
      "jsonwebtoken": "^8.5.1",
      "mongoose": "^5.9.4",
      "mongoose-keywords": "^0.4.0",
      "morgan": "^1.9.1",
      "passport": "^0.4.1",
      "passport-http": "^0.3.0",
      "passport-http-bearer": "^1.0.1",
      "passport-jwt": "^4.0.0",
      "querymen": "^2.1.4",
      "rand-token": "^0.4.0",
      "request": "^2.88.2",
      "request-promise": "^4.2.5"
    }
  }

yarn manifest: 
  No manifest

Lockfile: 
  No lockfile
